<?xml version="1.0" encoding="UTF-8"?>
<testsuite xmlns:xsi="http://www.w3.org/2001/XMLSchema-instance" xsi:noNamespaceSchemaLocation="https://maven.apache.org/surefire/maven-failsafe-plugin/xsd/failsafe-test-report-3.0.xsd" version="3.0" name="com.epam.brest.service.web_app.AdminCategoryControllerIT" time="4.016" tests="12" errors="0" skipped="0" failures="0">
  <properties>
[...]
</properties>
  <testcase name="showAdminPageLogOut" classname="com.epam.brest.service.web_app.AdminCategoryControllerIT" time="0.537"/>
  <testcase name="deleteCategory" classname="com.epam.brest.service.web_app.AdminCategoryControllerIT" time="0.142"/>
  <testcase name="saveCategoryProcessValidationError" classname="com.epam.brest.service.web_app.AdminCategoryControllerIT" time="0.197"/>
  <testcase name="showCreateCategoryPage" classname="com.epam.brest.service.web_app.AdminCategoryControllerIT" time="0.016"/>
  <testcase name="deleteCategoryInOrderError" classname="com.epam.brest.service.web_app.AdminCategoryControllerIT" time="0.019"/>
  <testcase name="showAdminPageSuccess" classname="com.epam.brest.service.web_app.AdminCategoryControllerIT" time="0.016"/>
  <testcase name="saveCategoryProcessSuccess" classname="com.epam.brest.service.web_app.AdminCategoryControllerIT" time="0.033"/>
  <testcase name="showAdminCategoryPageNotAdmin" classname="com.epam.brest.service.web_app.AdminCategoryControllerIT" time="0.021"/>
  <testcase name="updateCategoryProcessSuccess" classname="com.epam.brest.service.web_app.AdminCategoryControllerIT" time="0.024"/>
  <testcase name="showAdminPageNotAdmin" classname="com.epam.brest.service.web_app.AdminCategoryControllerIT" time="0.016"/>
  <testcase name="shouldOpenUpdatePage" classname="com.epam.brest.service.web_app.AdminCategoryControllerIT" time="0.024"/>
  <testcase name="showAdminCategoryPage" classname="com.epam.brest.service.web_app.AdminCategoryControllerIT" time="0.037"/>
</testsuite>